生成启动时间为 2020/6/11 12:53:56。
     1>项目“C:\Users\Administrator\Desktop\game\game\game.vcxproj”在节点 2 上(build 个目标)。
     1>InitializeBuildStatus:
         正在创建“Debug\game.unsuccessfulbuild”，因为已指定“AlwaysCreate”。
       ClCompile:
         C:\Program Files\Microsoft Visual Studio 10.0\VC\bin\CL.exe /c /ZI /nologo /W3 /WX- /Od /Oy- /D WIN32 /D _DEBUG /D _CONSOLE /Gm /EHsc /RTC1 /MTd /GS /fp:precise /Zc:wchar_t /Zc:forScope /Fo"Debug\\" /Fd"Debug\vc100.pdb" /Gd /TP /analyze- /errorReport:prompt triangles.cpp
         triangles.cpp
       Link:
         C:\Program Files\Microsoft Visual Studio 10.0\VC\bin\link.exe /ERRORREPORT:PROMPT /OUT:"C:\Users\Administrator\Desktop\game\game\Debug\game.exe" /INCREMENTAL /NOLOGO kernel32.lib user32.lib gdi32.lib winspool.lib comdlg32.lib advapi32.lib shell32.lib ole32.lib oleaut32.lib uuid.lib odbc32.lib odbccp32.lib /MANIFEST /ManifestFile:"Debug\game.exe.intermediate.manifest" /MANIFESTUAC:"level='asInvoker' uiAccess='false'" /DEBUG /PDB:"C:\Users\Administrator\Desktop\game\game\Debug\game.pdb" /SUBSYSTEM:CONSOLE /TLBID:1 /DYNAMICBASE /NXCOMPAT /IMPLIB:"C:\Users\Administrator\Desktop\game\game\Debug\game.lib" /MACHINE:X86 Debug\DrawCube.obj
         Debug\grab.obj
         Debug\keyboard.obj
         Debug\LoadBitmap.obj
         Debug\main.obj
         Debug\mouse.obj
         Debug\MyMath.obj
         Debug\PlayerData.obj
         Debug\ReadRules.obj
         Debug\Test_DrawMap.obj
         Debug\Test_OperateMapFile.obj
         Debug\timer.obj
         Debug\triangles.obj
         game.vcxproj -> C:\Users\Administrator\Desktop\game\game\Debug\game.exe
       Manifest:
         C:\Program Files\Microsoft SDKs\Windows\v7.0A\bin\mt.exe /nologo /verbose /out:"C:\Users\Administrator\Desktop\game\game\Debug\game.exe.manifest" /manifest Debug\game.exe.intermediate.manifest
       FinalizeBuildStatus:
         正在删除文件“Debug\game.unsuccessfulbuild”。
         正在对“Debug\game.lastbuildstate”执行 Touch 任务。
     1>已完成生成项目“C:\Users\Administrator\Desktop\game\game\game.vcxproj”(build 个目标)的操作。

生成成功。

已用时间 00:00:02.44
